[33m make[1] tools/download[m
[33m make[2] -C tools/gmp download[m
[33m make[2] -C tools/mpc download[m
[33m make[2] -C tools/mpfr download[m
[33m make[2] -C tools/libelf download[m
[33m make[2] -C tools/libtool download[m
[33m make[2] -C tools/expat download[m
[33m make[2] -C tools/m4 download[m
[33m make[2] -C tools/autoconf download[m
[33m make[2] -C tools/autoconf-archive download[m
[33m make[2] -C tools/automake download[m
[33m make[2] -C tools/flex download[m
[33m make[2] -C tools/bison download[m
[33m make[2] -C tools/pkgconf download[m
[33m make[2] -C tools/mklibs download[m
[33m make[2] -C tools/zlib download[m
[33m make[2] -C tools/sstrip download[m
[33m make[2] -C tools/make-ext4fs download[m
[33m make[2] -C tools/e2fsprogs download[m
[33m make[2] -C tools/mtd-utils download[m
[33m make[2] -C tools/mkimage download[m
[33m make[2] -C tools/firmware-utils download[m
[33m make[2] -C tools/patch-image download[m
[33m make[2] -C tools/quilt download[m
[33m make[2] -C tools/padjffs2 download[m
[33m make[2] -C tools/mm-macros download[m
[33m make[2] -C tools/missing-macros download[m
[33m make[2] -C tools/cmake download[m
[33m make[2] -C tools/bc download[m
[33m make[2] -C tools/findutils download[m
[33m make[2] -C tools/gengetopt download[m
[33m make[2] -C tools/patchelf download[m
[33m make[2] -C tools/mtools download[m
[33m make[2] -C tools/dosfstools download[m
[33m make[2] -C tools/libressl download[m
[33m make[2] -C tools/ucl download[m
[33m make[2] -C tools/upx download[m
[33m make[2] -C tools/squashfs download[m
[33m make[2] -C tools/lzma download[m
[33m make[2] -C tools/squashfskit4 download[m
[33m make[2] -C tools/zip download[m
[33m make[2] -C tools/zstd download[m
[33m make[2] -C tools/tar download[m
[33m make[2] -C tools/xz download[m
[33m make[2] -C tools/patch download[m
[33m make[2] -C tools/flock download[m
[33m make[2] -C tools/sed download[m
[33m make[1] toolchain/download[m
[33m make[2] -C toolchain/gdb download[m
[33m make[2] -C toolchain/binutils download[m
[33m make[2] -C toolchain/kernel-headers download[m
[33m make[2] -C toolchain/gcc/initial download[m
[33m make[2] -C toolchain/gcc/final download[m
[33m make[2] -C toolchain/musl download[m
[33m make[2] -C toolchain/fortify-headers download[m
[33m make[1] package/download[m
[33m make[2] -C package/base-files download[m
[33m make[2] -C package/boot/uboot-envtools download[m
[33m make[2] -C feeds/freifunk/themes/luci-theme-freifunk-generic download[m
[33m make[2] -C feeds/luci/collections/luci download[m
[33m make[2] -C feeds/luci/applications/luci-app-ddns download[m
[33m make[2] -C feeds/luci/applications/luci-app-firewall download[m
[33m make[2] -C feeds/luci/applications/luci-app-nlbwmon download[m
[33m make[2] -C feeds/luci/applications/luci-app-openvpn download[m
[33m make[2] -C feeds/luci/applications/luci-app-p910nd download[m
[33m make[2] -C feeds/luci/applications/luci-app-qos download[m
[33m make[2] -C feeds/luci/applications/luci-app-samba download[m
[33m make[2] -C feeds/luci/applications/luci-app-upnp download[m
[33m make[2] -C feeds/luci/applications/luci-app-wol download[m
[33m make[2] -C feeds/luci/modules/luci-base download[m
[33m make[2] -C feeds/luci/modules/luci-compat download[m
[33m make[2] -C feeds/luci/libs/luci-lib-ip download[m
[33m make[2] -C feeds/luci/libs/luci-lib-jsonc download[m
[33m make[2] -C feeds/luci/libs/luci-lib-nixio download[m
[33m make[2] -C feeds/luci/modules/luci-mod-admin-full download[m
[33m make[2] -C feeds/luci/protocols/luci-proto-ipv6 download[m
[33m make[2] -C feeds/luci/protocols/luci-proto-ppp download[m
[33m make[2] -C feeds/luci/collections/luci-ssl-openssl download[m
[33m make[2] -C feeds/luci/themes/luci-theme-bootstrap download[m
[33m make[2] -C feeds/luci/themes/luci-theme-material download[m
[33m make[2] -C feeds/luci/libs/rpcd-mod-rrdns download[m
[33m make[2] -C feeds/packages/utils/attr download[m
[33m make[2] -C feeds/packages/libs/avahi download[m
[33m make[2] -C feeds/packages/utils/coremark download[m
[33m make[2] -C feeds/packages/utils/dbus download[m
[33m make[2] -C feeds/packages/net/ddns-scripts download[m
[33m make[2] -C feeds/packages/net/etherwake download[m
[33m make[2] -C feeds/packages/libs/avahi download[m
[33m make[2] -C feeds/packages/libs/expat download[m
[33m make[2] -C feeds/packages/libs/gnutls download[m
[33m make[2] -C feeds/packages/libs/libcap download[m
[33m make[2] -C feeds/packages/libs/libdaemon download[m
[33m make[2] -C feeds/packages/libs/libtasn1 download[m
[33m make[2] -C feeds/packages/libs/libtirpc download[m
[33m make[2] -C feeds/packages/libs/avahi download[m
[33m make[2] -C feeds/packages/net/miniupnpd download[m
[33m make[2] -C feeds/packages/net/nlbwmon download[m
[33m make[2] -C feeds/packages/net/p910nd download[m
[33m make[2] -C feeds/packages/libs/pcre download[m
[33m make[2] -C feeds/packages/net/samba4 download[m
[33m make[2] -C feeds/packages/net/wget download[m
[33m make[2] -C feeds/packages/net/wsdd2 download[m
[33m make[2] -C package/firmware/wireless-regdb download[m
[33m make[2] -C package/kernel/cryptodev-linux download[m
[33m make[2] -C package/kernel/gpio-button-hotplug download[m
[33m make[2] -C package/kernel/linux download[m
[33m make[2] -C package/kernel/mac80211 download[m
[33m make[2] -C package/lean/ddns-scripts_aliyun download[m
[33m make[2] -C package/lean/ddns-scripts_dnspod download[m
[33m make[2] -C package/lean/default-settings download[m
[33m make[2] -C package/lean/fast-classifier download[m
[33m make[2] -C package/lean/luci-app-accesscontrol download[m
[33m make[2] -C package/lean/luci-app-arpbind download[m
[33m make[2] -C package/lean/luci-app-autoreboot download[m
[33m make[2] -C package/lean/luci-app-filetransfer download[m
[33m make[2] -C package/lean/luci-app-openvpn-server download[m
[33m make[2] -C package/lean/luci-app-ramfree download[m
[33m make[2] -C package/lean/luci-app-samba4 download[m
[33m make[2] -C package/lean/luci-app-sfe download[m
[33m make[2] -C package/lean/luci-app-unblockmusic download[m
[33m make[2] -C package/lean/luci-app-vlmcsd download[m
[33m make[2] -C package/lean/luci-app-vsftpd download[m
[33m make[2] -C package/lean/luci-app-webadmin download[m
[33m make[2] -C package/lean/luci-lib-fs download[m
[33m make[2] -C package/lean/luci-theme-argon download[m
[33m make[2] -C package/lean/luci-theme-netgear download[m
[33m make[2] -C package/lean/openwrt-fullconenat download[m
[33m make[2] -C package/lean/pdnsd-alt download[m
[33m make[2] -C package/lean/shortcut-fe download[m
[33m make[2] -C package/lean/vlmcsd download[m
[33m make[2] -C package/lean/vsftpd-alt download[m
[33m make[2] -C package/lean/wol download[m
[33m make[2] -C package/libs/elfutils download[m
[33m make[2] -C package/libs/gmp download[m
[33m make[2] -C package/libs/libjson-c download[m
[33m make[2] -C package/libs/libmnl download[m
[33m make[2] -C package/libs/libnl-tiny download[m
[33m make[2] -C package/libs/libubox download[m
[33m make[2] -C package/libs/lzo download[m
[33m make[2] -C package/libs/ncurses download[m
[33m make[2] -C package/libs/nettle download[m
[33m make[2] -C package/libs/openssl download[m
[33m make[2] -C package/libs/popt download[m
[33m make[2] -C package/libs/readline download[m
[33m make[2] -C package/libs/toolchain download[m
[33m make[2] -C package/libs/uclient download[m
[33m make[2] -C package/libs/ustream-ssl download[m
[33m make[2] -C package/libs/zlib download[m
[33m make[2] -C package/network/config/firewall download[m
[33m make[2] -C package/network/config/netifd download[m
[33m make[2] -C package/network/config/qos-scripts download[m
[33m make[2] -C package/network/config/swconfig download[m
[33m make[2] -C package/network/services/dnsmasq download[m
[33m make[2] -C package/network/services/dropbear download[m
[33m make[2] -C package/network/services/hostapd download[m
[33m make[2] -C package/network/services/openvpn download[m
[33m make[2] -C package/network/services/openvpn-easy-rsa download[m
[33m make[2] -C package/network/services/ppp download[m
[33m make[2] -C package/network/services/samba36 download[m
[33m make[2] -C package/network/services/shellsync download[m
[33m make[2] -C package/network/services/uhttpd download[m
[33m make[2] -C package/network/utils/iproute2 download[m
[33m make[2] -C package/network/utils/ipset download[m
[33m make[2] -C package/network/utils/iptables download[m
[33m make[2] -C package/network/utils/iw download[m
[33m make[2] -C package/network/utils/iwinfo download[m
[33m make[2] -C package/network/utils/iproute2 download[m
[33m make[2] -C package/system/ca-certificates download[m
[33m make[2] -C package/system/fstools download[m
[33m make[2] -C package/system/fwtool download[m
[33m make[2] -C package/system/mtd download[m
[33m make[2] -C package/system/openwrt-keyring download[m
[33m make[2] -C package/system/opkg download[m
[33m make[2] -C package/system/procd download[m
[33m make[2] -C package/system/rpcd download[m
[33m make[2] -C package/system/ubox download[m
[33m make[2] -C package/system/ubus download[m
[33m make[2] -C package/system/uci download[m
[33m make[2] -C package/system/urandom-seed download[m
[33m make[2] -C package/system/urngd download[m
[33m make[2] -C package/system/usign download[m
[33m make[2] -C package/utils/busybox download[m
[33m make[2] -C package/utils/jsonfilter download[m
[33m make[2] -C package/utils/lua download[m
[33m make[2] -C package/utils/mtd-utils download[m
[33m make[2] -C package/utils/util-linux download[m
[33m make[1] target/download[m
[33m make[2] -C target/linux download[m
